================================================================================
Error Log for Crates_Ruby
================================================================================
Total Errors: 5
Generated: 2025-12-16 08:24:11
================================================================================

Error #1
--------------------------------------------------------------------------------
Timestamp: 2025-12-16T02:41:09.861588
Repository: https://github.com/neonlaw/codebase
Ecosystems: Crates, Ruby
Error Type: NOT_FOUND
Error Message: Repository not found: neonlaw/codebase

Possible Reason:
  Verify the repository URL is correct and the repository still exists. It may have been deleted, made private, or renamed.

Suggested Solution:
  Verify the repository URL is correct and the repository still exists. It may have been deleted, made private, or renamed.

================================================================================

Error #2
--------------------------------------------------------------------------------
Timestamp: 2025-12-16T02:41:16.671433
Repository: https://github.com/jmse-json/jmse
Ecosystems: Crates
Error Type: NOT_FOUND
Error Message: Repository not found: jmse-json/jmse

Possible Reason:
  Verify the repository URL is correct and the repository still exists. It may have been deleted, made private, or renamed.

Suggested Solution:
  Verify the repository URL is correct and the repository still exists. It may have been deleted, made private, or renamed.

================================================================================

Error #3
--------------------------------------------------------------------------------
Timestamp: 2025-12-16T02:41:17.375311
Repository: https://github.com/jmse-json/jmse/tree/master/ruby/
Ecosystems: Ruby
Error Type: NOT_FOUND
Error Message: Repository not found: jmse-json/jmse

Possible Reason:
  Verify the repository URL is correct and the repository still exists. It may have been deleted, made private, or renamed.

Suggested Solution:
  Verify the repository URL is correct and the repository still exists. It may have been deleted, made private, or renamed.

================================================================================

Error #4
--------------------------------------------------------------------------------
Timestamp: 2025-12-16T02:41:19.172215
Repository: https://github.com/easbarba/qas
Ecosystems: Crates, Ruby
Error Type: NOT_FOUND
Error Message: Repository not found: easbarba/qas

Possible Reason:
  Verify the repository URL is correct and the repository still exists. It may have been deleted, made private, or renamed.

Suggested Solution:
  Verify the repository URL is correct and the repository still exists. It may have been deleted, made private, or renamed.

================================================================================

Error #5
--------------------------------------------------------------------------------
Timestamp: 2025-12-16T02:41:31.508925
Repository: https://github.com/seuros/warpdrive
Ecosystems: Crates, Ruby
Error Type: NOT_FOUND
Error Message: Repository not found: seuros/warpdrive

Possible Reason:
  Verify the repository URL is correct and the repository still exists. It may have been deleted, made private, or renamed.

Suggested Solution:
  Verify the repository URL is correct and the repository still exists. It may have been deleted, made private, or renamed.

================================================================================

