================================================================================
Error Log for Crates_NPM_PyPI_Ruby
================================================================================
Total Errors: 3
Generated: 2025-12-02 06:39:38
================================================================================

Error #1
--------------------------------------------------------------------------------
Timestamp: 2025-12-02T06:37:59.021103
Repository: https://github.com/miscreant/keyuri
Ecosystems: Crates, NPM, PyPI
Error Type: NOT_FOUND
Error Message: Repository not found: miscreant/keyuri

Possible Reason:
  Verify the repository URL is correct and the repository still exists. It may have been deleted, made private, or renamed.

Suggested Solution:
  Verify the repository URL is correct and the repository still exists. It may have been deleted, made private, or renamed.

================================================================================

Error #2
--------------------------------------------------------------------------------
Timestamp: 2025-12-02T06:37:59.301657
Repository: https://github.com/miscreant/keyuri/
Ecosystems: Ruby
Error Type: NOT_FOUND
Error Message: Repository not found: miscreant/keyuri

Possible Reason:
  Verify the repository URL is correct and the repository still exists. It may have been deleted, made private, or renamed.

Suggested Solution:
  Verify the repository URL is correct and the repository still exists. It may have been deleted, made private, or renamed.

================================================================================

Error #3
--------------------------------------------------------------------------------
Timestamp: 2025-12-02T06:38:03.870095
Repository: https://github.com/asimov-modules/asimov-nexus-module
Ecosystems: Crates, NPM, PyPI, Ruby
Error Type: NOT_FOUND
Error Message: Repository not found: asimov-modules/asimov-nexus-module

Possible Reason:
  Verify the repository URL is correct and the repository still exists. It may have been deleted, made private, or renamed.

Suggested Solution:
  Verify the repository URL is correct and the repository still exists. It may have been deleted, made private, or renamed.

================================================================================

