================================================================================
Error Log for Crates_Maven_NPM_PyPI
================================================================================
Total Errors: 2
Generated: 2025-12-16 08:24:11
================================================================================

Error #1
--------------------------------------------------------------------------------
Timestamp: 2025-12-16T08:18:24.659367
Repository: https://github.com/your/repo
Ecosystems: Crates, NPM, PyPI
Error Type: NOT_FOUND
Error Message: Repository not found: your/repo

Possible Reason:
  Verify the repository URL is correct and the repository still exists. It may have been deleted, made private, or renamed.

Suggested Solution:
  Verify the repository URL is correct and the repository still exists. It may have been deleted, made private, or renamed.

================================================================================

Error #2
--------------------------------------------------------------------------------
Timestamp: 2025-12-16T08:18:24.959302
Repository: https://github.com/your/repo/tree/master
Ecosystems: Maven
Error Type: NOT_FOUND
Error Message: Repository not found: your/repo

Possible Reason:
  Verify the repository URL is correct and the repository still exists. It may have been deleted, made private, or renamed.

Suggested Solution:
  Verify the repository URL is correct and the repository still exists. It may have been deleted, made private, or renamed.

================================================================================

