================================================================================
Error Log for Crates_NPM_PyPI
================================================================================
Total Errors: 18
Generated: 2025-12-16 08:24:11
================================================================================

Error #1
--------------------------------------------------------------------------------
Timestamp: 2025-12-16T08:08:09.022744
Repository: https://github.com/traittech/trait-keyless/
Ecosystems: Crates
Error Type: NOT_FOUND
Error Message: Repository not found: traittech/trait-keyless

Possible Reason:
  Verify the repository URL is correct and the repository still exists. It may have been deleted, made private, or renamed.

Suggested Solution:
  Verify the repository URL is correct and the repository still exists. It may have been deleted, made private, or renamed.

================================================================================

Error #2
--------------------------------------------------------------------------------
Timestamp: 2025-12-16T08:08:09.322163
Repository: https://github.com/traittech/trait-keyless
Ecosystems: NPM
Error Type: NOT_FOUND
Error Message: Repository not found: traittech/trait-keyless

Possible Reason:
  Verify the repository URL is correct and the repository still exists. It may have been deleted, made private, or renamed.

Suggested Solution:
  Verify the repository URL is correct and the repository still exists. It may have been deleted, made private, or renamed.

================================================================================

Error #3
--------------------------------------------------------------------------------
Timestamp: 2025-12-16T08:08:09.621411
Repository: https://github.com/traittech/trait-keyless.git
Ecosystems: PyPI
Error Type: NOT_FOUND
Error Message: Repository not found: traittech/trait-keyless

Possible Reason:
  Verify the repository URL is correct and the repository still exists. It may have been deleted, made private, or renamed.

Suggested Solution:
  Verify the repository URL is correct and the repository still exists. It may have been deleted, made private, or renamed.

================================================================================

Error #4
--------------------------------------------------------------------------------
Timestamp: 2025-12-16T08:08:12.925568
Repository: https://github.com/raugfer/ulibrs
Ecosystems: Crates, NPM, PyPI
Error Type: NOT_FOUND
Error Message: Repository not found: raugfer/ulibrs

Possible Reason:
  Verify the repository URL is correct and the repository still exists. It may have been deleted, made private, or renamed.

Suggested Solution:
  Verify the repository URL is correct and the repository still exists. It may have been deleted, made private, or renamed.

================================================================================

Error #5
--------------------------------------------------------------------------------
Timestamp: 2025-12-16T08:08:14.129089
Repository: https://github.com/brunieland/brunie
Ecosystems: Crates, NPM, PyPI
Error Type: NOT_FOUND
Error Message: Repository not found: brunieland/brunie

Possible Reason:
  Verify the repository URL is correct and the repository still exists. It may have been deleted, made private, or renamed.

Suggested Solution:
  Verify the repository URL is correct and the repository still exists. It may have been deleted, made private, or renamed.

================================================================================

Error #6
--------------------------------------------------------------------------------
Timestamp: 2025-12-16T08:08:14.401332
Repository: https://github.com/zcred/zhash
Ecosystems: Crates, NPM, PyPI
Error Type: NOT_FOUND
Error Message: Repository not found: zcred/zhash

Possible Reason:
  Verify the repository URL is correct and the repository still exists. It may have been deleted, made private, or renamed.

Suggested Solution:
  Verify the repository URL is correct and the repository still exists. It may have been deleted, made private, or renamed.

================================================================================

Error #7
--------------------------------------------------------------------------------
Timestamp: 2025-12-16T08:08:26.951088
Repository: https://github.com/hivellm/compression-prompt
Ecosystems: Crates, NPM, PyPI
Error Type: NOT_FOUND
Error Message: Repository not found: hivellm/compression-prompt

Possible Reason:
  Verify the repository URL is correct and the repository still exists. It may have been deleted, made private, or renamed.

Suggested Solution:
  Verify the repository URL is correct and the repository still exists. It may have been deleted, made private, or renamed.

================================================================================

Error #8
--------------------------------------------------------------------------------
Timestamp: 2025-12-16T08:08:28.441022
Repository: https://github.com/zcred/verihash
Ecosystems: Crates, NPM, PyPI
Error Type: NOT_FOUND
Error Message: Repository not found: zcred/verihash

Possible Reason:
  Verify the repository URL is correct and the repository still exists. It may have been deleted, made private, or renamed.

Suggested Solution:
  Verify the repository URL is correct and the repository still exists. It may have been deleted, made private, or renamed.

================================================================================

Error #9
--------------------------------------------------------------------------------
Timestamp: 2025-12-16T08:08:48.212108
Repository: https://github.com/siftdb/siftdb
Ecosystems: Crates, NPM, PyPI
Error Type: NOT_FOUND
Error Message: Repository not found: siftdb/siftdb

Possible Reason:
  Verify the repository URL is correct and the repository still exists. It may have been deleted, made private, or renamed.

Suggested Solution:
  Verify the repository URL is correct and the repository still exists. It may have been deleted, made private, or renamed.

================================================================================

Error #10
--------------------------------------------------------------------------------
Timestamp: 2025-12-16T08:08:50.257316
Repository: https://github.com/miscreant/minclib
Ecosystems: Crates, NPM, PyPI
Error Type: NOT_FOUND
Error Message: Repository not found: miscreant/minclib

Possible Reason:
  Verify the repository URL is correct and the repository still exists. It may have been deleted, made private, or renamed.

Suggested Solution:
  Verify the repository URL is correct and the repository still exists. It may have been deleted, made private, or renamed.

================================================================================

Error #11
--------------------------------------------------------------------------------
Timestamp: 2025-12-16T08:09:11.178784
Repository: https://github.com/votre-username/votre-repo
Ecosystems: Crates, NPM, PyPI
Error Type: NOT_FOUND
Error Message: Repository not found: votre-username/votre-repo

Possible Reason:
  Verify the repository URL is correct and the repository still exists. It may have been deleted, made private, or renamed.

Suggested Solution:
  Verify the repository URL is correct and the repository still exists. It may have been deleted, made private, or renamed.

================================================================================

Error #12
--------------------------------------------------------------------------------
Timestamp: 2025-12-16T08:09:11.448552
Repository: https://github.com/Chinilla/chinillaclvm_rs/
Ecosystems: Crates, PyPI
Error Type: NOT_FOUND
Error Message: Repository not found: Chinilla/chinillaclvm_rs

Possible Reason:
  Verify the repository URL is correct and the repository still exists. It may have been deleted, made private, or renamed.

Suggested Solution:
  Verify the repository URL is correct and the repository still exists. It may have been deleted, made private, or renamed.

================================================================================

Error #13
--------------------------------------------------------------------------------
Timestamp: 2025-12-16T08:09:11.724539
Repository: https://github.com/Chinilla/chinillaclvm_rs
Ecosystems: NPM
Error Type: NOT_FOUND
Error Message: Repository not found: Chinilla/chinillaclvm_rs

Possible Reason:
  Verify the repository URL is correct and the repository still exists. It may have been deleted, made private, or renamed.

Suggested Solution:
  Verify the repository URL is correct and the repository still exists. It may have been deleted, made private, or renamed.

================================================================================

Error #14
--------------------------------------------------------------------------------
Timestamp: 2025-12-16T08:09:32.480628
Repository: https://github.com/yourusername/your-repo
Ecosystems: Crates, NPM, PyPI
Error Type: NOT_FOUND
Error Message: Repository not found: yourusername/your-repo

Possible Reason:
  Verify the repository URL is correct and the repository still exists. It may have been deleted, made private, or renamed.

Suggested Solution:
  Verify the repository URL is correct and the repository still exists. It may have been deleted, made private, or renamed.

================================================================================

Error #15
--------------------------------------------------------------------------------
Timestamp: 2025-12-16T08:09:34.963096
Repository: https://github.com/dylanljones/rbox
Ecosystems: Crates, NPM, PyPI
Error Type: NOT_FOUND
Error Message: Repository not found: dylanljones/rbox

Possible Reason:
  Verify the repository URL is correct and the repository still exists. It may have been deleted, made private, or renamed.

Suggested Solution:
  Verify the repository URL is correct and the repository still exists. It may have been deleted, made private, or renamed.

================================================================================

Error #16
--------------------------------------------------------------------------------
Timestamp: 2025-12-16T08:09:43.650188
Repository: https://github.com/shenxiangzhuang/valdo
Ecosystems: Crates, NPM, PyPI
Error Type: NOT_FOUND
Error Message: Repository not found: shenxiangzhuang/valdo

Possible Reason:
  Verify the repository URL is correct and the repository still exists. It may have been deleted, made private, or renamed.

Suggested Solution:
  Verify the repository URL is correct and the repository still exists. It may have been deleted, made private, or renamed.

================================================================================

Error #17
--------------------------------------------------------------------------------
Timestamp: 2025-12-16T08:09:46.617796
Repository: https://github.com/thirdkey/schemapin
Ecosystems: Crates, NPM, PyPI
Error Type: NOT_FOUND
Error Message: Repository not found: thirdkey/schemapin

Possible Reason:
  Verify the repository URL is correct and the repository still exists. It may have been deleted, made private, or renamed.

Suggested Solution:
  Verify the repository URL is correct and the repository still exists. It may have been deleted, made private, or renamed.

================================================================================

Error #18
--------------------------------------------------------------------------------
Timestamp: 2025-12-16T08:10:17.843851
Repository: https://github.com/jayminwest/kota-db
Ecosystems: Crates, NPM, PyPI
Error Type: NOT_FOUND
Error Message: Repository not found: jayminwest/kota-db

Possible Reason:
  Verify the repository URL is correct and the repository still exists. It may have been deleted, made private, or renamed.

Suggested Solution:
  Verify the repository URL is correct and the repository still exists. It may have been deleted, made private, or renamed.

================================================================================

