================================================================================
Error Log for Crates_PyPI
================================================================================
Total Errors: 47
Generated: 2025-12-02 06:39:38
================================================================================

Error #1
--------------------------------------------------------------------------------
Timestamp: 2025-12-02T00:35:36.911515
Repository: https://github.com/paradigmxyz/lbl
Ecosystems: Crates, PyPI
Error Type: NOT_FOUND
Error Message: Repository not found: paradigmxyz/lbl

Possible Reason:
  Verify the repository URL is correct and the repository still exists. It may have been deleted, made private, or renamed.

Suggested Solution:
  Verify the repository URL is correct and the repository still exists. It may have been deleted, made private, or renamed.

================================================================================

Error #2
--------------------------------------------------------------------------------
Timestamp: 2025-12-02T00:35:43.412812
Repository: https://github.com/NaluScientific/naluacq
Ecosystems: Crates, PyPI
Error Type: NOT_FOUND
Error Message: Repository not found: NaluScientific/naluacq

Possible Reason:
  Verify the repository URL is correct and the repository still exists. It may have been deleted, made private, or renamed.

Suggested Solution:
  Verify the repository URL is correct and the repository still exists. It may have been deleted, made private, or renamed.

================================================================================

Error #3
--------------------------------------------------------------------------------
Timestamp: 2025-12-02T00:36:31.654034
Repository: https://github.com/ulagbulag/connected-data-lake
Ecosystems: Crates, PyPI
Error Type: NOT_FOUND
Error Message: Repository not found: ulagbulag/connected-data-lake

Possible Reason:
  Verify the repository URL is correct and the repository still exists. It may have been deleted, made private, or renamed.

Suggested Solution:
  Verify the repository URL is correct and the repository still exists. It may have been deleted, made private, or renamed.

================================================================================

Error #4
--------------------------------------------------------------------------------
Timestamp: 2025-12-02T00:37:41.987701
Repository: https://github.com/Chinilla/chinillaclvm_tools_rs
Ecosystems: Crates, PyPI
Error Type: NOT_FOUND
Error Message: Repository not found: Chinilla/chinillaclvm_tools_rs

Possible Reason:
  Verify the repository URL is correct and the repository still exists. It may have been deleted, made private, or renamed.

Suggested Solution:
  Verify the repository URL is correct and the repository still exists. It may have been deleted, made private, or renamed.

================================================================================

Error #5
--------------------------------------------------------------------------------
Timestamp: 2025-12-02T00:38:05.483384
Repository: https://github.com/al8n/pyo3-io
Ecosystems: Crates
Error Type: NOT_FOUND
Error Message: Repository not found: al8n/pyo3-io

Possible Reason:
  Verify the repository URL is correct and the repository still exists. It may have been deleted, made private, or renamed.

Suggested Solution:
  Verify the repository URL is correct and the repository still exists. It may have been deleted, made private, or renamed.

================================================================================

Error #6
--------------------------------------------------------------------------------
Timestamp: 2025-12-02T00:38:05.796931
Repository: http://github.com/al8n/pyo3-io
Ecosystems: PyPI
Error Type: NOT_FOUND
Error Message: Repository not found: al8n/pyo3-io

Possible Reason:
  Verify the repository URL is correct and the repository still exists. It may have been deleted, made private, or renamed.

Suggested Solution:
  Verify the repository URL is correct and the repository still exists. It may have been deleted, made private, or renamed.

================================================================================

Error #7
--------------------------------------------------------------------------------
Timestamp: 2025-12-02T00:38:20.175057
Repository: https://github.com/kerryeon/mp
Ecosystems: Crates, PyPI
Error Type: NOT_FOUND
Error Message: Repository not found: kerryeon/mp

Possible Reason:
  Verify the repository URL is correct and the repository still exists. It may have been deleted, made private, or renamed.

Suggested Solution:
  Verify the repository URL is correct and the repository still exists. It may have been deleted, made private, or renamed.

================================================================================

Error #8
--------------------------------------------------------------------------------
Timestamp: 2025-12-02T00:38:20.448403
Repository: https://github.com/amplifytechnology/blazegraph-io
Ecosystems: Crates, PyPI
Error Type: NOT_FOUND
Error Message: Repository not found: amplifytechnology/blazegraph-io

Possible Reason:
  Verify the repository URL is correct and the repository still exists. It may have been deleted, made private, or renamed.

Suggested Solution:
  Verify the repository URL is correct and the repository still exists. It may have been deleted, made private, or renamed.

================================================================================

Error #9
--------------------------------------------------------------------------------
Timestamp: 2025-12-02T00:39:12.006744
Repository: https://github.com/Chinilla/chinilla_rs/chinilla-clvm-utils
Ecosystems: Crates
Error Type: NOT_FOUND
Error Message: Repository not found: Chinilla/chinilla_rs

Possible Reason:
  Verify the repository URL is correct and the repository still exists. It may have been deleted, made private, or renamed.

Suggested Solution:
  Verify the repository URL is correct and the repository still exists. It may have been deleted, made private, or renamed.

================================================================================

Error #10
--------------------------------------------------------------------------------
Timestamp: 2025-12-02T00:39:12.314745
Repository: https://github.com/Chinilla/chinilla_rs/
Ecosystems: PyPI
Error Type: NOT_FOUND
Error Message: Repository not found: Chinilla/chinilla_rs

Possible Reason:
  Verify the repository URL is correct and the repository still exists. It may have been deleted, made private, or renamed.

Suggested Solution:
  Verify the repository URL is correct and the repository still exists. It may have been deleted, made private, or renamed.

================================================================================

Error #11
--------------------------------------------------------------------------------
Timestamp: 2025-12-02T00:39:21.780969
Repository: https://github.com/rate-technology/rillrate-py
Ecosystems: Crates, PyPI
Error Type: NOT_FOUND
Error Message: Repository not found: rate-technology/rillrate-py

Possible Reason:
  Verify the repository URL is correct and the repository still exists. It may have been deleted, made private, or renamed.

Suggested Solution:
  Verify the repository URL is correct and the repository still exists. It may have been deleted, made private, or renamed.

================================================================================

Error #12
--------------------------------------------------------------------------------
Timestamp: 2025-12-02T00:39:52.509622
Repository: https://github.com/seaplane-io/seaplane/tree/main/crates/container-image-ref
Ecosystems: Crates
Error Type: NOT_FOUND
Error Message: Repository not found: seaplane-io/seaplane

Possible Reason:
  Verify the repository URL is correct and the repository still exists. It may have been deleted, made private, or renamed.

Suggested Solution:
  Verify the repository URL is correct and the repository still exists. It may have been deleted, made private, or renamed.

================================================================================

Error #13
--------------------------------------------------------------------------------
Timestamp: 2025-12-02T00:39:53.012997
Repository: https://github.com/seaplane-io/seaplane/tree/main/seaplane-sdk/python
Ecosystems: PyPI
Error Type: NOT_FOUND
Error Message: Repository not found: seaplane-io/seaplane

Possible Reason:
  Verify the repository URL is correct and the repository still exists. It may have been deleted, made private, or renamed.

Suggested Solution:
  Verify the repository URL is correct and the repository still exists. It may have been deleted, made private, or renamed.

================================================================================

Error #14
--------------------------------------------------------------------------------
Timestamp: 2025-12-02T00:39:53.731816
Repository: https://github.com/packetdb/packetdb
Ecosystems: Crates, PyPI
Error Type: NOT_FOUND
Error Message: Repository not found: packetdb/packetdb

Possible Reason:
  Verify the repository URL is correct and the repository still exists. It may have been deleted, made private, or renamed.

Suggested Solution:
  Verify the repository URL is correct and the repository still exists. It may have been deleted, made private, or renamed.

================================================================================

Error #15
--------------------------------------------------------------------------------
Timestamp: 2025-12-02T00:39:54.038917
Repository: https://github.com/ascpkg/asc/tree/main/config_file_types
Ecosystems: Crates
Error Type: NOT_FOUND
Error Message: Repository not found: ascpkg/asc

Possible Reason:
  Verify the repository URL is correct and the repository still exists. It may have been deleted, made private, or renamed.

Suggested Solution:
  Verify the repository URL is correct and the repository still exists. It may have been deleted, made private, or renamed.

================================================================================

Error #16
--------------------------------------------------------------------------------
Timestamp: 2025-12-02T00:39:54.374048
Repository: https://github.com/ascpkg/asc/tree/main/asc_bin
Ecosystems: PyPI
Error Type: NOT_FOUND
Error Message: Repository not found: ascpkg/asc

Possible Reason:
  Verify the repository URL is correct and the repository still exists. It may have been deleted, made private, or renamed.

Suggested Solution:
  Verify the repository URL is correct and the repository still exists. It may have been deleted, made private, or renamed.

================================================================================

Error #17
--------------------------------------------------------------------------------
Timestamp: 2025-12-02T00:40:01.583050
Repository: https://github.com/CasperLabs/CasperLabs/tree/master/execution-engine/mint
Ecosystems: Crates
Error Type: NOT_FOUND
Error Message: Repository not found: CasperLabs/CasperLabs

Possible Reason:
  Verify the repository URL is correct and the repository still exists. It may have been deleted, made private, or renamed.

Suggested Solution:
  Verify the repository URL is correct and the repository still exists. It may have been deleted, made private, or renamed.

================================================================================

Error #18
--------------------------------------------------------------------------------
Timestamp: 2025-12-02T00:40:02.125893
Repository: https://github.com/CasperLabs/CasperLabs/tree/dev/integration-testing/client/CasperLabsClient
Ecosystems: PyPI
Error Type: NOT_FOUND
Error Message: Repository not found: CasperLabs/CasperLabs

Possible Reason:
  Verify the repository URL is correct and the repository still exists. It may have been deleted, made private, or renamed.

Suggested Solution:
  Verify the repository URL is correct and the repository still exists. It may have been deleted, made private, or renamed.

================================================================================

Error #19
--------------------------------------------------------------------------------
Timestamp: 2025-12-02T00:40:09.423134
Repository: https://github.com/itt-ustutt/dualnum
Ecosystems: Crates, PyPI
Error Type: NOT_FOUND
Error Message: Repository not found: itt-ustutt/dualnum

Possible Reason:
  Verify the repository URL is correct and the repository still exists. It may have been deleted, made private, or renamed.

Suggested Solution:
  Verify the repository URL is correct and the repository still exists. It may have been deleted, made private, or renamed.

================================================================================

Error #20
--------------------------------------------------------------------------------
Timestamp: 2025-12-02T00:40:11.810731
Repository: https://github.com/iteralabs/molina
Ecosystems: Crates, PyPI
Error Type: NOT_FOUND
Error Message: Repository not found: iteralabs/molina

Possible Reason:
  Verify the repository URL is correct and the repository still exists. It may have been deleted, made private, or renamed.

Suggested Solution:
  Verify the repository URL is correct and the repository still exists. It may have been deleted, made private, or renamed.

================================================================================

Error #21
--------------------------------------------------------------------------------
Timestamp: 2025-12-02T00:40:34.590297
Repository: https://github.com/pybevy/pybevy
Ecosystems: Crates, PyPI
Error Type: NOT_FOUND
Error Message: Repository not found: pybevy/pybevy

Possible Reason:
  Verify the repository URL is correct and the repository still exists. It may have been deleted, made private, or renamed.

Suggested Solution:
  Verify the repository URL is correct and the repository still exists. It may have been deleted, made private, or renamed.

================================================================================

Error #22
--------------------------------------------------------------------------------
Timestamp: 2025-12-02T00:41:10.623029
Repository: https://github.com/HQSquantumsimulations/qoqo_qiskit
Ecosystems: Crates, PyPI
Error Type: NOT_FOUND
Error Message: Repository not found: HQSquantumsimulations/qoqo_qiskit

Possible Reason:
  Verify the repository URL is correct and the repository still exists. It may have been deleted, made private, or renamed.

Suggested Solution:
  Verify the repository URL is correct and the repository still exists. It may have been deleted, made private, or renamed.

================================================================================

Error #23
--------------------------------------------------------------------------------
Timestamp: 2025-12-02T00:41:44.441705
Repository: https://github.com/ra0x3/pyrs
Ecosystems: Crates
Error Type: NOT_FOUND
Error Message: Repository not found: ra0x3/pyrs

Possible Reason:
  Verify the repository URL is correct and the repository still exists. It may have been deleted, made private, or renamed.

Suggested Solution:
  Verify the repository URL is correct and the repository still exists. It may have been deleted, made private, or renamed.

================================================================================

Error #24
--------------------------------------------------------------------------------
Timestamp: 2025-12-02T00:41:44.719676
Repository: https://www.github.com/ra0x3/pyrs
Ecosystems: PyPI
Error Type: NOT_FOUND
Error Message: Repository not found: ra0x3/pyrs

Possible Reason:
  Verify the repository URL is correct and the repository still exists. It may have been deleted, made private, or renamed.

Suggested Solution:
  Verify the repository URL is correct and the repository still exists. It may have been deleted, made private, or renamed.

================================================================================

Error #25
--------------------------------------------------------------------------------
Timestamp: 2025-12-02T00:42:01.099430
Repository: https://github.com/lipicoder/rapidash
Ecosystems: Crates, PyPI
Error Type: NOT_FOUND
Error Message: Repository not found: lipicoder/rapidash

Possible Reason:
  Verify the repository URL is correct and the repository still exists. It may have been deleted, made private, or renamed.

Suggested Solution:
  Verify the repository URL is correct and the repository still exists. It may have been deleted, made private, or renamed.

================================================================================

Error #26
--------------------------------------------------------------------------------
Timestamp: 2025-12-02T00:42:10.311289
Repository: https://github.com/TyberiusPrime/mbf_gtf
Ecosystems: Crates, PyPI
Error Type: NOT_FOUND
Error Message: Repository not found: TyberiusPrime/mbf_gtf

Possible Reason:
  Verify the repository URL is correct and the repository still exists. It may have been deleted, made private, or renamed.

Suggested Solution:
  Verify the repository URL is correct and the repository still exists. It may have been deleted, made private, or renamed.

================================================================================

Error #27
--------------------------------------------------------------------------------
Timestamp: 2025-12-02T00:42:19.975406
Repository: https://github.com/Wlanguage/python-core/
Ecosystems: Crates, PyPI
Error Type: NOT_FOUND
Error Message: Repository not found: Wlanguage/python-core

Possible Reason:
  Verify the repository URL is correct and the repository still exists. It may have been deleted, made private, or renamed.

Suggested Solution:
  Verify the repository URL is correct and the repository still exists. It may have been deleted, made private, or renamed.

================================================================================

Error #28
--------------------------------------------------------------------------------
Timestamp: 2025-12-02T00:43:21.082169
Repository: https://github.com/Aareon/dance
Ecosystems: Crates, PyPI
Error Type: NOT_FOUND
Error Message: Repository not found: Aareon/dance

Possible Reason:
  Verify the repository URL is correct and the repository still exists. It may have been deleted, made private, or renamed.

Suggested Solution:
  Verify the repository URL is correct and the repository still exists. It may have been deleted, made private, or renamed.

================================================================================

Error #29
--------------------------------------------------------------------------------
Timestamp: 2025-12-02T00:44:32.817750
Repository: https://github.com/paradigmxyz/jtool
Ecosystems: Crates, PyPI
Error Type: NOT_FOUND
Error Message: Repository not found: paradigmxyz/jtool

Possible Reason:
  Verify the repository URL is correct and the repository still exists. It may have been deleted, made private, or renamed.

Suggested Solution:
  Verify the repository URL is correct and the repository still exists. It may have been deleted, made private, or renamed.

================================================================================

Error #30
--------------------------------------------------------------------------------
Timestamp: 2025-12-02T00:44:34.392984
Repository: https://github.com/ofluffydev/metronome-rs
Ecosystems: Crates, PyPI
Error Type: NOT_FOUND
Error Message: Repository not found: ofluffydev/metronome-rs

Possible Reason:
  Verify the repository URL is correct and the repository still exists. It may have been deleted, made private, or renamed.

Suggested Solution:
  Verify the repository URL is correct and the repository still exists. It may have been deleted, made private, or renamed.

================================================================================

Error #31
--------------------------------------------------------------------------------
Timestamp: 2025-12-02T00:44:48.251297
Repository: https://github.com/gimpey-com/sol-gateway
Ecosystems: Crates, PyPI
Error Type: NOT_FOUND
Error Message: Repository not found: gimpey-com/sol-gateway

Possible Reason:
  Verify the repository URL is correct and the repository still exists. It may have been deleted, made private, or renamed.

Suggested Solution:
  Verify the repository URL is correct and the repository still exists. It may have been deleted, made private, or renamed.

================================================================================

Error #32
--------------------------------------------------------------------------------
Timestamp: 2025-12-02T00:45:54.724697
Repository: https://github.com/nougat-dev/zopf
Ecosystems: Crates, PyPI
Error Type: NOT_FOUND
Error Message: Repository not found: nougat-dev/zopf

Possible Reason:
  Verify the repository URL is correct and the repository still exists. It may have been deleted, made private, or renamed.

Suggested Solution:
  Verify the repository URL is correct and the repository still exists. It may have been deleted, made private, or renamed.

================================================================================

Error #33
--------------------------------------------------------------------------------
Timestamp: 2025-12-02T00:46:01.236614
Repository: https://github.com/tellaro/tellaro-query-language
Ecosystems: Crates, PyPI
Error Type: NOT_FOUND
Error Message: Repository not found: tellaro/tellaro-query-language

Possible Reason:
  Verify the repository URL is correct and the repository still exists. It may have been deleted, made private, or renamed.

Suggested Solution:
  Verify the repository URL is correct and the repository still exists. It may have been deleted, made private, or renamed.

================================================================================

Error #34
--------------------------------------------------------------------------------
Timestamp: 2025-12-02T00:46:31.554625
Repository: https://github.com/usamaasfar/podbase
Ecosystems: Crates
Error Type: NOT_FOUND
Error Message: Repository not found: usamaasfar/podbase

Possible Reason:
  Verify the repository URL is correct and the repository still exists. It may have been deleted, made private, or renamed.

Suggested Solution:
  Verify the repository URL is correct and the repository still exists. It may have been deleted, made private, or renamed.

================================================================================

Error #35
--------------------------------------------------------------------------------
Timestamp: 2025-12-02T00:46:32.066723
Repository: https://github.com/usamaasfar/podbase.git
Ecosystems: PyPI
Error Type: NOT_FOUND
Error Message: Repository not found: usamaasfar/podbase

Possible Reason:
  Verify the repository URL is correct and the repository still exists. It may have been deleted, made private, or renamed.

Suggested Solution:
  Verify the repository URL is correct and the repository still exists. It may have been deleted, made private, or renamed.

================================================================================

Error #36
--------------------------------------------------------------------------------
Timestamp: 2025-12-02T00:47:15.694186
Repository: https://github.com/farhan/splintr
Ecosystems: Crates, PyPI
Error Type: NOT_FOUND
Error Message: Repository not found: farhan/splintr

Possible Reason:
  Verify the repository URL is correct and the repository still exists. It may have been deleted, made private, or renamed.

Suggested Solution:
  Verify the repository URL is correct and the repository still exists. It may have been deleted, made private, or renamed.

================================================================================

Error #37
--------------------------------------------------------------------------------
Timestamp: 2025-12-02T00:47:29.852933
Repository: https://github.com/azolla-io/azolla
Ecosystems: Crates
Error Type: NOT_FOUND
Error Message: Repository not found: azolla-io/azolla

Possible Reason:
  Verify the repository URL is correct and the repository still exists. It may have been deleted, made private, or renamed.

Suggested Solution:
  Verify the repository URL is correct and the repository still exists. It may have been deleted, made private, or renamed.

================================================================================

Error #38
--------------------------------------------------------------------------------
Timestamp: 2025-12-02T00:47:30.233060
Repository: https://github.com/azolla-io/azolla.git
Ecosystems: PyPI
Error Type: NOT_FOUND
Error Message: Repository not found: azolla-io/azolla

Possible Reason:
  Verify the repository URL is correct and the repository still exists. It may have been deleted, made private, or renamed.

Suggested Solution:
  Verify the repository URL is correct and the repository still exists. It may have been deleted, made private, or renamed.

================================================================================

Error #39
--------------------------------------------------------------------------------
Timestamp: 2025-12-02T00:48:29.315137
Repository: https://github.com/Tillbeemelmanns/ros2_tui
Ecosystems: Crates, PyPI
Error Type: NOT_FOUND
Error Message: Repository not found: Tillbeemelmanns/ros2_tui

Possible Reason:
  Verify the repository URL is correct and the repository still exists. It may have been deleted, made private, or renamed.

Suggested Solution:
  Verify the repository URL is correct and the repository still exists. It may have been deleted, made private, or renamed.

================================================================================

Error #40
--------------------------------------------------------------------------------
Timestamp: 2025-12-02T00:48:48.500561
Repository: https://github.com/HQSquantumsimulations/qoqo_quest
Ecosystems: Crates, PyPI
Error Type: NOT_FOUND
Error Message: Repository not found: HQSquantumsimulations/qoqo_quest

Possible Reason:
  Verify the repository URL is correct and the repository still exists. It may have been deleted, made private, or renamed.

Suggested Solution:
  Verify the repository URL is correct and the repository still exists. It may have been deleted, made private, or renamed.

================================================================================

Error #41
--------------------------------------------------------------------------------
Timestamp: 2025-12-02T00:48:54.796398
Repository: https://github.com/hessra/hessra-sdk.rs
Ecosystems: Crates
Error Type: NOT_FOUND
Error Message: Repository not found: hessra/hessra-sdk.rs

Possible Reason:
  Verify the repository URL is correct and the repository still exists. It may have been deleted, made private, or renamed.

Suggested Solution:
  Verify the repository URL is correct and the repository still exists. It may have been deleted, made private, or renamed.

================================================================================

Error #42
--------------------------------------------------------------------------------
Timestamp: 2025-12-02T00:48:55.089462
Repository: https://github.com/hessra/hessra-sdk.rs/tree/main/hessra-py
Ecosystems: PyPI
Error Type: NOT_FOUND
Error Message: Repository not found: hessra/hessra-sdk.rs

Possible Reason:
  Verify the repository URL is correct and the repository still exists. It may have been deleted, made private, or renamed.

Suggested Solution:
  Verify the repository URL is correct and the repository still exists. It may have been deleted, made private, or renamed.

================================================================================

Error #43
--------------------------------------------------------------------------------
Timestamp: 2025-12-02T00:49:00.797292
Repository: https://github.com/lbugdb/lbug
Ecosystems: Crates, PyPI
Error Type: NOT_FOUND
Error Message: Repository not found: lbugdb/lbug

Possible Reason:
  Verify the repository URL is correct and the repository still exists. It may have been deleted, made private, or renamed.

Suggested Solution:
  Verify the repository URL is correct and the repository still exists. It may have been deleted, made private, or renamed.

================================================================================

Error #44
--------------------------------------------------------------------------------
Timestamp: 2025-12-02T00:49:06.125776
Repository: https://github.com/asimov-modules/asimov-nearai-module
Ecosystems: Crates
Error Type: NOT_FOUND
Error Message: Repository not found: asimov-modules/asimov-nearai-module

Possible Reason:
  Verify the repository URL is correct and the repository still exists. It may have been deleted, made private, or renamed.

Suggested Solution:
  Verify the repository URL is correct and the repository still exists. It may have been deleted, made private, or renamed.

================================================================================

Error #45
--------------------------------------------------------------------------------
Timestamp: 2025-12-02T00:49:06.431259
Repository: https://github.com/asimov-modules/asimov-nearai-module.git
Ecosystems: PyPI
Error Type: NOT_FOUND
Error Message: Repository not found: asimov-modules/asimov-nearai-module

Possible Reason:
  Verify the repository URL is correct and the repository still exists. It may have been deleted, made private, or renamed.

Suggested Solution:
  Verify the repository URL is correct and the repository still exists. It may have been deleted, made private, or renamed.

================================================================================

Error #46
--------------------------------------------------------------------------------
Timestamp: 2025-12-02T00:49:08.769344
Repository: https://github.com/ekoDB/ekodb
Ecosystems: Crates, PyPI
Error Type: NOT_FOUND
Error Message: Repository not found: ekoDB/ekodb

Possible Reason:
  Verify the repository URL is correct and the repository still exists. It may have been deleted, made private, or renamed.

Suggested Solution:
  Verify the repository URL is correct and the repository still exists. It may have been deleted, made private, or renamed.

================================================================================

Error #47
--------------------------------------------------------------------------------
Timestamp: 2025-12-02T00:49:44.277292
Repository: https://github.com/wjwillemse/selmr
Ecosystems: Crates, PyPI
Error Type: NOT_FOUND
Error Message: Repository not found: wjwillemse/selmr

Possible Reason:
  Verify the repository URL is correct and the repository still exists. It may have been deleted, made private, or renamed.

Suggested Solution:
  Verify the repository URL is correct and the repository still exists. It may have been deleted, made private, or renamed.

================================================================================

