================================================================================
Error Log for Maven_NPM_Ruby
================================================================================
Total Errors: 4
Generated: 2025-12-16 08:24:11
================================================================================

Error #1
--------------------------------------------------------------------------------
Timestamp: 2025-12-16T08:15:43.003675
Repository: https://github.com/Wikiki/bulma-divider
Ecosystems: Maven, NPM, Ruby
Error Type: NOT_FOUND
Error Message: Repository not found: Wikiki/bulma-divider

Possible Reason:
  Verify the repository URL is correct and the repository still exists. It may have been deleted, made private, or renamed.

Suggested Solution:
  Verify the repository URL is correct and the repository still exists. It may have been deleted, made private, or renamed.

================================================================================

Error #2
--------------------------------------------------------------------------------
Timestamp: 2025-12-16T08:15:50.204826
Repository: https://github.com/eddiechayes/automation-test/tree/main/java
Ecosystems: Maven
Error Type: NOT_FOUND
Error Message: Repository not found: eddiechayes/automation-test

Possible Reason:
  Verify the repository URL is correct and the repository still exists. It may have been deleted, made private, or renamed.

Suggested Solution:
  Verify the repository URL is correct and the repository still exists. It may have been deleted, made private, or renamed.

================================================================================

Error #3
--------------------------------------------------------------------------------
Timestamp: 2025-12-16T08:15:50.473779
Repository: https://github.com/eddiechayes/automation-test
Ecosystems: NPM
Error Type: NOT_FOUND
Error Message: Repository not found: eddiechayes/automation-test

Possible Reason:
  Verify the repository URL is correct and the repository still exists. It may have been deleted, made private, or renamed.

Suggested Solution:
  Verify the repository URL is correct and the repository still exists. It may have been deleted, made private, or renamed.

================================================================================

Error #4
--------------------------------------------------------------------------------
Timestamp: 2025-12-16T08:15:50.738370
Repository: https://github.com/eddiechayes/automation-test/tree/main/ruby
Ecosystems: Ruby
Error Type: NOT_FOUND
Error Message: Repository not found: eddiechayes/automation-test

Possible Reason:
  Verify the repository URL is correct and the repository still exists. It may have been deleted, made private, or renamed.

Suggested Solution:
  Verify the repository URL is correct and the repository still exists. It may have been deleted, made private, or renamed.

================================================================================

