================================================================================
Error Log for Maven_Ruby
================================================================================
Total Errors: 4
Generated: 2025-12-02 06:39:38
================================================================================

Error #1
--------------------------------------------------------------------------------
Timestamp: 2025-12-02T02:47:19.799105
Repository: https://github.com/takari/ruby-maven-libs
Ecosystems: Maven, Ruby
Error Type: NOT_FOUND
Error Message: Repository not found: takari/ruby-maven-libs

Possible Reason:
  Verify the repository URL is correct and the repository still exists. It may have been deleted, made private, or renamed.

Suggested Solution:
  Verify the repository URL is correct and the repository still exists. It may have been deleted, made private, or renamed.

================================================================================

Error #2
--------------------------------------------------------------------------------
Timestamp: 2025-12-02T02:47:25.011035
Repository: https://github.com/groupon/Message-Bus
Ecosystems: Maven, Ruby
Error Type: NOT_FOUND
Error Message: Repository not found: groupon/Message-Bus

Possible Reason:
  Verify the repository URL is correct and the repository still exists. It may have been deleted, made private, or renamed.

Suggested Solution:
  Verify the repository URL is correct and the repository still exists. It may have been deleted, made private, or renamed.

================================================================================

Error #3
--------------------------------------------------------------------------------
Timestamp: 2025-12-02T02:47:26.624044
Repository: https://github.com/sonatype/polyglot-maven
Ecosystems: Maven
Error Type: NOT_FOUND
Error Message: Repository not found: sonatype/polyglot-maven

Possible Reason:
  Verify the repository URL is correct and the repository still exists. It may have been deleted, made private, or renamed.

Suggested Solution:
  Verify the repository URL is correct and the repository still exists. It may have been deleted, made private, or renamed.

================================================================================

Error #4
--------------------------------------------------------------------------------
Timestamp: 2025-12-02T02:47:26.912072
Repository: http://github.com/sonatype/polyglot-maven/tree/maven-gem
Ecosystems: Ruby
Error Type: NOT_FOUND
Error Message: Repository not found: sonatype/polyglot-maven

Possible Reason:
  Verify the repository URL is correct and the repository still exists. It may have been deleted, made private, or renamed.

Suggested Solution:
  Verify the repository URL is correct and the repository still exists. It may have been deleted, made private, or renamed.

================================================================================

