================================================================================
Error Log for Maven_PHP
================================================================================
Total Errors: 3
Generated: 2025-12-16 08:24:11
================================================================================

Error #1
--------------------------------------------------------------------------------
Timestamp: 2025-12-15T22:53:11.807702
Repository: https://github.com/ivangabriele/CSS-Reset
Ecosystems: Maven, PHP
Error Type: NOT_FOUND
Error Message: Repository not found: ivangabriele/CSS-Reset

Possible Reason:
  Verify the repository URL is correct and the repository still exists. It may have been deleted, made private, or renamed.

Suggested Solution:
  Verify the repository URL is correct and the repository still exists. It may have been deleted, made private, or renamed.

================================================================================

Error #2
--------------------------------------------------------------------------------
Timestamp: 2025-12-15T22:53:14.438766
Repository: https://github.com/farbelous/bootstrap-colorpicker
Ecosystems: Maven, PHP
Error Type: NOT_FOUND
Error Message: Repository not found: farbelous/bootstrap-colorpicker

Possible Reason:
  Verify the repository URL is correct and the repository still exists. It may have been deleted, made private, or renamed.

Suggested Solution:
  Verify the repository URL is correct and the repository still exists. It may have been deleted, made private, or renamed.

================================================================================

Error #3
--------------------------------------------------------------------------------
Timestamp: 2025-12-15T22:53:17.363481
Repository: https://github.com/schxslt/schxslt-redux-xslt1
Ecosystems: Maven, PHP
Error Type: NOT_FOUND
Error Message: Repository not found: schxslt/schxslt-redux-xslt1

Possible Reason:
  Verify the repository URL is correct and the repository still exists. It may have been deleted, made private, or renamed.

Suggested Solution:
  Verify the repository URL is correct and the repository still exists. It may have been deleted, made private, or renamed.

================================================================================

