================================================================================
Error Log for Maven_NPM_PHP
================================================================================
Total Errors: 2
Generated: 2025-12-16 08:24:11
================================================================================

Error #1
--------------------------------------------------------------------------------
Timestamp: 2025-12-16T08:12:00.458219
Repository: https://github.com/pdfmake/pdfmake
Ecosystems: Maven, NPM, PHP
Error Type: NOT_FOUND
Error Message: Repository not found: pdfmake/pdfmake

Possible Reason:
  Verify the repository URL is correct and the repository still exists. It may have been deleted, made private, or renamed.

Suggested Solution:
  Verify the repository URL is correct and the repository still exists. It may have been deleted, made private, or renamed.

================================================================================

Error #2
--------------------------------------------------------------------------------
Timestamp: 2025-12-16T08:12:28.834654
Repository: https://github.com/hipay/hipay-fullservice-sdk-js
Ecosystems: Maven, NPM, PHP
Error Type: NOT_FOUND
Error Message: Repository not found: hipay/hipay-fullservice-sdk-js

Possible Reason:
  Verify the repository URL is correct and the repository still exists. It may have been deleted, made private, or renamed.

Suggested Solution:
  Verify the repository URL is correct and the repository still exists. It may have been deleted, made private, or renamed.

================================================================================

