================================================================================
Error Log for Maven_NPM_PyPI_Ruby
================================================================================
Total Errors: 3
Generated: 2025-12-16 08:24:11
================================================================================

Error #1
--------------------------------------------------------------------------------
Timestamp: 2025-12-16T08:16:54.677997
Repository: https://github.com/infisical/sdk/
Ecosystems: Maven
Error Type: NOT_FOUND
Error Message: Repository not found: infisical/sdk

Possible Reason:
  Verify the repository URL is correct and the repository still exists. It may have been deleted, made private, or renamed.

Suggested Solution:
  Verify the repository URL is correct and the repository still exists. It may have been deleted, made private, or renamed.

================================================================================

Error #2
--------------------------------------------------------------------------------
Timestamp: 2025-12-16T08:16:54.977862
Repository: https://github.com/Infisical/sdk
Ecosystems: NPM
Error Type: NOT_FOUND
Error Message: Repository not found: Infisical/sdk

Possible Reason:
  Verify the repository URL is correct and the repository still exists. It may have been deleted, made private, or renamed.

Suggested Solution:
  Verify the repository URL is correct and the repository still exists. It may have been deleted, made private, or renamed.

================================================================================

Error #3
--------------------------------------------------------------------------------
Timestamp: 2025-12-16T08:16:55.261985
Repository: https://github.com/infisical/sdk
Ecosystems: PyPI, Ruby
Error Type: NOT_FOUND
Error Message: Repository not found: infisical/sdk

Possible Reason:
  Verify the repository URL is correct and the repository still exists. It may have been deleted, made private, or renamed.

Suggested Solution:
  Verify the repository URL is correct and the repository still exists. It may have been deleted, made private, or renamed.

================================================================================

