================================================================================
Error Log for NPM_Ruby
================================================================================
Total Errors: 37
Generated: 2025-12-16 08:24:11
================================================================================

Error #1
--------------------------------------------------------------------------------
Timestamp: 2025-12-15T20:13:53.952461
Repository: https://github.com/BuoySoftware/anchor_view_components
Ecosystems: NPM, Ruby
Error Type: NOT_FOUND
Error Message: Repository not found: BuoySoftware/anchor_view_components

Possible Reason:
  Verify the repository URL is correct and the repository still exists. It may have been deleted, made private, or renamed.

Suggested Solution:
  Verify the repository URL is correct and the repository still exists. It may have been deleted, made private, or renamed.

================================================================================

Error #2
--------------------------------------------------------------------------------
Timestamp: 2025-12-15T20:14:14.561103
Repository: https://github.com/FigurePOS/dev-tool-configuration
Ecosystems: NPM, Ruby
Error Type: NOT_FOUND
Error Message: Repository not found: FigurePOS/dev-tool-configuration

Possible Reason:
  Verify the repository URL is correct and the repository still exists. It may have been deleted, made private, or renamed.

Suggested Solution:
  Verify the repository URL is correct and the repository still exists. It may have been deleted, made private, or renamed.

================================================================================

Error #3
--------------------------------------------------------------------------------
Timestamp: 2025-12-15T20:14:22.109770
Repository: https://github.com/Shopify/sewing-kit
Ecosystems: NPM
Error Type: NOT_FOUND
Error Message: Repository not found: Shopify/sewing-kit

Possible Reason:
  Verify the repository URL is correct and the repository still exists. It may have been deleted, made private, or renamed.

Suggested Solution:
  Verify the repository URL is correct and the repository still exists. It may have been deleted, made private, or renamed.

================================================================================

Error #4
--------------------------------------------------------------------------------
Timestamp: 2025-12-15T20:14:22.622102
Repository: https://github.com/Shopify/sewing-kit/tree/main/gems/sewing_kit
Ecosystems: Ruby
Error Type: NOT_FOUND
Error Message: Repository not found: Shopify/sewing-kit

Possible Reason:
  Verify the repository URL is correct and the repository still exists. It may have been deleted, made private, or renamed.

Suggested Solution:
  Verify the repository URL is correct and the repository still exists. It may have been deleted, made private, or renamed.

================================================================================

Error #5
--------------------------------------------------------------------------------
Timestamp: 2025-12-15T20:14:53.101668
Repository: https://github.com/rainforestapp/wisp
Ecosystems: NPM, Ruby
Error Type: NOT_FOUND
Error Message: Repository not found: rainforestapp/wisp

Possible Reason:
  Verify the repository URL is correct and the repository still exists. It may have been deleted, made private, or renamed.

Suggested Solution:
  Verify the repository URL is correct and the repository still exists. It may have been deleted, made private, or renamed.

================================================================================

Error #6
--------------------------------------------------------------------------------
Timestamp: 2025-12-15T20:15:14.946957
Repository: https://github.com/TrailerVote/trailervote-api-clients/
Ecosystems: NPM
Error Type: NOT_FOUND
Error Message: Repository not found: TrailerVote/trailervote-api-clients

Possible Reason:
  Verify the repository URL is correct and the repository still exists. It may have been deleted, made private, or renamed.

Suggested Solution:
  Verify the repository URL is correct and the repository still exists. It may have been deleted, made private, or renamed.

================================================================================

Error #7
--------------------------------------------------------------------------------
Timestamp: 2025-12-15T20:15:15.249689
Repository: https://github.com/trailervote/trailervote-api-clients/blob/master/ruby
Ecosystems: Ruby
Error Type: NOT_FOUND
Error Message: Repository not found: trailervote/trailervote-api-clients

Possible Reason:
  Verify the repository URL is correct and the repository still exists. It may have been deleted, made private, or renamed.

Suggested Solution:
  Verify the repository URL is correct and the repository still exists. It may have been deleted, made private, or renamed.

================================================================================

Error #8
--------------------------------------------------------------------------------
Timestamp: 2025-12-15T20:15:24.285380
Repository: https://github.com/watermarkchurch/paper-signs
Ecosystems: NPM
Error Type: NOT_FOUND
Error Message: Repository not found: watermarkchurch/paper-signs

Possible Reason:
  Verify the repository URL is correct and the repository still exists. It may have been deleted, made private, or renamed.

Suggested Solution:
  Verify the repository URL is correct and the repository still exists. It may have been deleted, made private, or renamed.

================================================================================

Error #9
--------------------------------------------------------------------------------
Timestamp: 2025-12-15T20:15:24.899261
Repository: https://www.github.com/watermarkchurch/paper-signs
Ecosystems: Ruby
Error Type: NOT_FOUND
Error Message: Repository not found: watermarkchurch/paper-signs

Possible Reason:
  Verify the repository URL is correct and the repository still exists. It may have been deleted, made private, or renamed.

Suggested Solution:
  Verify the repository URL is correct and the repository still exists. It may have been deleted, made private, or renamed.

================================================================================

Error #10
--------------------------------------------------------------------------------
Timestamp: 2025-12-15T20:15:25.209135
Repository: https://github.com/wikipaddle/protobuf
Ecosystems: NPM, Ruby
Error Type: NOT_FOUND
Error Message: Repository not found: wikipaddle/protobuf

Possible Reason:
  Verify the repository URL is correct and the repository still exists. It may have been deleted, made private, or renamed.

Suggested Solution:
  Verify the repository URL is correct and the repository still exists. It may have been deleted, made private, or renamed.

================================================================================

Error #11
--------------------------------------------------------------------------------
Timestamp: 2025-12-15T20:15:33.977443
Repository: https://github.com/MarkusBansky/afgor-framework
Ecosystems: NPM
Error Type: NOT_FOUND
Error Message: Repository not found: MarkusBansky/afgor-framework

Possible Reason:
  Verify the repository URL is correct and the repository still exists. It may have been deleted, made private, or renamed.

Suggested Solution:
  Verify the repository URL is correct and the repository still exists. It may have been deleted, made private, or renamed.

================================================================================

Error #12
--------------------------------------------------------------------------------
Timestamp: 2025-12-15T20:15:34.249417
Repository: https://github.com/MarkusBansky/afgor-framework/tree/ruby-package
Ecosystems: Ruby
Error Type: NOT_FOUND
Error Message: Repository not found: MarkusBansky/afgor-framework

Possible Reason:
  Verify the repository URL is correct and the repository still exists. It may have been deleted, made private, or renamed.

Suggested Solution:
  Verify the repository URL is correct and the repository still exists. It may have been deleted, made private, or renamed.

================================================================================

Error #13
--------------------------------------------------------------------------------
Timestamp: 2025-12-15T20:15:35.409023
Repository: https://github.com/FineLinePrototyping/angularjs-rails-resource
Ecosystems: NPM
Error Type: NOT_FOUND
Error Message: Repository not found: FineLinePrototyping/angularjs-rails-resource

Possible Reason:
  Verify the repository URL is correct and the repository still exists. It may have been deleted, made private, or renamed.

Suggested Solution:
  Verify the repository URL is correct and the repository still exists. It may have been deleted, made private, or renamed.

================================================================================

Error #14
--------------------------------------------------------------------------------
Timestamp: 2025-12-15T20:15:35.676833
Repository: https://github.com/finelineprototyping/angularjs-rails-resource
Ecosystems: Ruby
Error Type: NOT_FOUND
Error Message: Repository not found: finelineprototyping/angularjs-rails-resource

Possible Reason:
  Verify the repository URL is correct and the repository still exists. It may have been deleted, made private, or renamed.

Suggested Solution:
  Verify the repository URL is correct and the repository still exists. It may have been deleted, made private, or renamed.

================================================================================

Error #15
--------------------------------------------------------------------------------
Timestamp: 2025-12-15T20:16:07.553308
Repository: https://github.com/username/bridgetown-avatar
Ecosystems: NPM, Ruby
Error Type: NOT_FOUND
Error Message: Repository not found: username/bridgetown-avatar

Possible Reason:
  Verify the repository URL is correct and the repository still exists. It may have been deleted, made private, or renamed.

Suggested Solution:
  Verify the repository URL is correct and the repository still exists. It may have been deleted, made private, or renamed.

================================================================================

Error #16
--------------------------------------------------------------------------------
Timestamp: 2025-12-15T20:16:14.648229
Repository: https://github.com/Crown-Commercial-Service/cmp-design-prototype
Ecosystems: NPM
Error Type: NOT_FOUND
Error Message: Repository not found: Crown-Commercial-Service/cmp-design-prototype

Possible Reason:
  Verify the repository URL is correct and the repository still exists. It may have been deleted, made private, or renamed.

Suggested Solution:
  Verify the repository URL is correct and the repository still exists. It may have been deleted, made private, or renamed.

================================================================================

Error #17
--------------------------------------------------------------------------------
Timestamp: 2025-12-15T20:16:15.058517
Repository: https://github.com/Crown-Commercial-Service/cmp-design-prototype/agreement-design
Ecosystems: Ruby
Error Type: NOT_FOUND
Error Message: Repository not found: Crown-Commercial-Service/cmp-design-prototype

Possible Reason:
  Verify the repository URL is correct and the repository still exists. It may have been deleted, made private, or renamed.

Suggested Solution:
  Verify the repository URL is correct and the repository still exists. It may have been deleted, made private, or renamed.

================================================================================

Error #18
--------------------------------------------------------------------------------
Timestamp: 2025-12-15T20:16:43.110625
Repository: https://github.com/gbarctester2/dpltest
Ecosystems: NPM, Ruby
Error Type: NOT_FOUND
Error Message: Repository not found: gbarctester2/dpltest

Possible Reason:
  Verify the repository URL is correct and the repository still exists. It may have been deleted, made private, or renamed.

Suggested Solution:
  Verify the repository URL is correct and the repository still exists. It may have been deleted, made private, or renamed.

================================================================================

Error #19
--------------------------------------------------------------------------------
Timestamp: 2025-12-15T20:16:50.825216
Repository: https://github.com/netguru/react_webpack_rails
Ecosystems: NPM, Ruby
Error Type: NOT_FOUND
Error Message: Repository not found: netguru/react_webpack_rails

Possible Reason:
  Verify the repository URL is correct and the repository still exists. It may have been deleted, made private, or renamed.

Suggested Solution:
  Verify the repository URL is correct and the repository still exists. It may have been deleted, made private, or renamed.

================================================================================

Error #20
--------------------------------------------------------------------------------
Timestamp: 2025-12-15T20:17:19.877429
Repository: https://github.com/llskin/rubyfacialmassage
Ecosystems: NPM
Error Type: NOT_FOUND
Error Message: Repository not found: llskin/rubyfacialmassage

Possible Reason:
  Verify the repository URL is correct and the repository still exists. It may have been deleted, made private, or renamed.

Suggested Solution:
  Verify the repository URL is correct and the repository still exists. It may have been deleted, made private, or renamed.

================================================================================

Error #21
--------------------------------------------------------------------------------
Timestamp: 2025-12-15T20:17:20.580021
Repository: https://github.com/llskin/rubyfacialmassage/
Ecosystems: Ruby
Error Type: NOT_FOUND
Error Message: Repository not found: llskin/rubyfacialmassage

Possible Reason:
  Verify the repository URL is correct and the repository still exists. It may have been deleted, made private, or renamed.

Suggested Solution:
  Verify the repository URL is correct and the repository still exists. It may have been deleted, made private, or renamed.

================================================================================

Error #22
--------------------------------------------------------------------------------
Timestamp: 2025-12-15T20:17:35.137834
Repository: https://github.com/powa/gtin
Ecosystems: NPM, Ruby
Error Type: NOT_FOUND
Error Message: Repository not found: powa/gtin

Possible Reason:
  Verify the repository URL is correct and the repository still exists. It may have been deleted, made private, or renamed.

Suggested Solution:
  Verify the repository URL is correct and the repository still exists. It may have been deleted, made private, or renamed.

================================================================================

Error #23
--------------------------------------------------------------------------------
Timestamp: 2025-12-15T20:17:37.185272
Repository: https://github.com/insiting/headmin
Ecosystems: NPM, Ruby
Error Type: NOT_FOUND
Error Message: Repository not found: insiting/headmin

Possible Reason:
  Verify the repository URL is correct and the repository still exists. It may have been deleted, made private, or renamed.

Suggested Solution:
  Verify the repository URL is correct and the repository still exists. It may have been deleted, made private, or renamed.

================================================================================

Error #24
--------------------------------------------------------------------------------
Timestamp: 2025-12-15T20:17:38.243372
Repository: https://github.com/marcoroth/herbst
Ecosystems: NPM, Ruby
Error Type: NOT_FOUND
Error Message: Repository not found: marcoroth/herbst

Possible Reason:
  Verify the repository URL is correct and the repository still exists. It may have been deleted, made private, or renamed.

Suggested Solution:
  Verify the repository URL is correct and the repository still exists. It may have been deleted, made private, or renamed.

================================================================================

Error #25
--------------------------------------------------------------------------------
Timestamp: 2025-12-15T20:17:47.184512
Repository: https://github.com/abd3lraouf/jekyll-theme-abd3lraouf
Ecosystems: NPM, Ruby
Error Type: NOT_FOUND
Error Message: Repository not found: abd3lraouf/jekyll-theme-abd3lraouf

Possible Reason:
  Verify the repository URL is correct and the repository still exists. It may have been deleted, made private, or renamed.

Suggested Solution:
  Verify the repository URL is correct and the repository still exists. It may have been deleted, made private, or renamed.

================================================================================

Error #26
--------------------------------------------------------------------------------
Timestamp: 2025-12-15T20:18:21.159752
Repository: https://github.com/jcaru/pigman
Ecosystems: NPM, Ruby
Error Type: NOT_FOUND
Error Message: Repository not found: jcaru/pigman

Possible Reason:
  Verify the repository URL is correct and the repository still exists. It may have been deleted, made private, or renamed.

Suggested Solution:
  Verify the repository URL is correct and the repository still exists. It may have been deleted, made private, or renamed.

================================================================================

Error #27
--------------------------------------------------------------------------------
Timestamp: 2025-12-15T20:18:52.298089
Repository: https://github.com/netguru/rwr-redux
Ecosystems: NPM, Ruby
Error Type: NOT_FOUND
Error Message: Repository not found: netguru/rwr-redux

Possible Reason:
  Verify the repository URL is correct and the repository still exists. It may have been deleted, made private, or renamed.

Suggested Solution:
  Verify the repository URL is correct and the repository still exists. It may have been deleted, made private, or renamed.

================================================================================

Error #28
--------------------------------------------------------------------------------
Timestamp: 2025-12-15T20:18:52.600321
Repository: https://github.com/netguru/rwr-alt
Ecosystems: NPM, Ruby
Error Type: NOT_FOUND
Error Message: Repository not found: netguru/rwr-alt

Possible Reason:
  Verify the repository URL is correct and the repository still exists. It may have been deleted, made private, or renamed.

Suggested Solution:
  Verify the repository URL is correct and the repository still exists. It may have been deleted, made private, or renamed.

================================================================================

Error #29
--------------------------------------------------------------------------------
Timestamp: 2025-12-15T20:18:52.919614
Repository: https://github.com/netguru/rwr-view_helpers
Ecosystems: NPM, Ruby
Error Type: NOT_FOUND
Error Message: Repository not found: netguru/rwr-view_helpers

Possible Reason:
  Verify the repository URL is correct and the repository still exists. It may have been deleted, made private, or renamed.

Suggested Solution:
  Verify the repository URL is correct and the repository still exists. It may have been deleted, made private, or renamed.

================================================================================

Error #30
--------------------------------------------------------------------------------
Timestamp: 2025-12-15T20:18:53.202314
Repository: https://github.com/s6kpay/s6kpay-sdks
Ecosystems: NPM, Ruby
Error Type: NOT_FOUND
Error Message: Repository not found: s6kpay/s6kpay-sdks

Possible Reason:
  Verify the repository URL is correct and the repository still exists. It may have been deleted, made private, or renamed.

Suggested Solution:
  Verify the repository URL is correct and the repository still exists. It may have been deleted, made private, or renamed.

================================================================================

Error #31
--------------------------------------------------------------------------------
Timestamp: 2025-12-15T20:19:09.622884
Repository: https://github.com/heroku/shibori
Ecosystems: NPM
Error Type: NOT_FOUND
Error Message: Repository not found: heroku/shibori

Possible Reason:
  Verify the repository URL is correct and the repository still exists. It may have been deleted, made private, or renamed.

Suggested Solution:
  Verify the repository URL is correct and the repository still exists. It may have been deleted, made private, or renamed.

================================================================================

Error #32
--------------------------------------------------------------------------------
Timestamp: 2025-12-15T20:19:09.954464
Repository: https://www.github.com/heroku/shibori
Ecosystems: Ruby
Error Type: NOT_FOUND
Error Message: Repository not found: heroku/shibori

Possible Reason:
  Verify the repository URL is correct and the repository still exists. It may have been deleted, made private, or renamed.

Suggested Solution:
  Verify the repository URL is correct and the repository still exists. It may have been deleted, made private, or renamed.

================================================================================

Error #33
--------------------------------------------------------------------------------
Timestamp: 2025-12-15T20:19:23.316911
Repository: https://github.com/fesuydev/tamem-scss
Ecosystems: NPM, Ruby
Error Type: NOT_FOUND
Error Message: Repository not found: fesuydev/tamem-scss

Possible Reason:
  Verify the repository URL is correct and the repository still exists. It may have been deleted, made private, or renamed.

Suggested Solution:
  Verify the repository URL is correct and the repository still exists. It may have been deleted, made private, or renamed.

================================================================================

Error #34
--------------------------------------------------------------------------------
Timestamp: 2025-12-15T20:19:46.504951
Repository: https://github.com/louiswdavis/utility_components
Ecosystems: NPM, Ruby
Error Type: NOT_FOUND
Error Message: Repository not found: louiswdavis/utility_components

Possible Reason:
  Verify the repository URL is correct and the repository still exists. It may have been deleted, made private, or renamed.

Suggested Solution:
  Verify the repository URL is correct and the repository still exists. It may have been deleted, made private, or renamed.

================================================================================

Error #35
--------------------------------------------------------------------------------
Timestamp: 2025-12-15T20:19:46.814866
Repository: https://github.com/louiswdavis/utility_forms
Ecosystems: NPM, Ruby
Error Type: NOT_FOUND
Error Message: Repository not found: louiswdavis/utility_forms

Possible Reason:
  Verify the repository URL is correct and the repository still exists. It may have been deleted, made private, or renamed.

Suggested Solution:
  Verify the repository URL is correct and the repository still exists. It may have been deleted, made private, or renamed.

================================================================================

Error #36
--------------------------------------------------------------------------------
Timestamp: 2025-12-15T20:19:47.178760
Repository: https://github.com/louiswdavis/utility_styles
Ecosystems: NPM, Ruby
Error Type: NOT_FOUND
Error Message: Repository not found: louiswdavis/utility_styles

Possible Reason:
  Verify the repository URL is correct and the repository still exists. It may have been deleted, made private, or renamed.

Suggested Solution:
  Verify the repository URL is correct and the repository still exists. It may have been deleted, made private, or renamed.

================================================================================

Error #37
--------------------------------------------------------------------------------
Timestamp: 2025-12-15T20:19:47.472492
Repository: https://github.com/louiswdavis/utility_ui
Ecosystems: NPM, Ruby
Error Type: NOT_FOUND
Error Message: Repository not found: louiswdavis/utility_ui

Possible Reason:
  Verify the repository URL is correct and the repository still exists. It may have been deleted, made private, or renamed.

Suggested Solution:
  Verify the repository URL is correct and the repository still exists. It may have been deleted, made private, or renamed.

================================================================================

