================================================================================
Error Log for NPM_PyPI_Ruby
================================================================================
Total Errors: 9
Generated: 2025-12-16 08:24:11
================================================================================

Error #1
--------------------------------------------------------------------------------
Timestamp: 2025-12-16T08:13:16.589947
Repository: https://github.com/1deos/1OS
Ecosystems: NPM, PyPI, Ruby
Error Type: NOT_FOUND
Error Message: Repository not found: 1deos/1OS

Possible Reason:
  Verify the repository URL is correct and the repository still exists. It may have been deleted, made private, or renamed.

Suggested Solution:
  Verify the repository URL is correct and the repository still exists. It may have been deleted, made private, or renamed.

================================================================================

Error #2
--------------------------------------------------------------------------------
Timestamp: 2025-12-16T08:13:17.692657
Repository: https://github.com/ rguanghui/vue-sticky
Ecosystems: NPM
Error Type: NOT_FOUND
Error Message: Repository not found:  rguanghui/vue-sticky

Possible Reason:
  Verify the repository URL is correct and the repository still exists. It may have been deleted, made private, or renamed.

Suggested Solution:
  Verify the repository URL is correct and the repository still exists. It may have been deleted, made private, or renamed.

================================================================================

Error #3
--------------------------------------------------------------------------------
Timestamp: 2025-12-16T08:13:17.978000
Repository: https://github.com/ 你的用户名/TkinterTabMore
Ecosystems: PyPI
Error Type: NOT_FOUND
Error Message: Repository not found:  你的用户名/TkinterTabMore

Possible Reason:
  Verify the repository URL is correct and the repository still exists. It may have been deleted, made private, or renamed.

Suggested Solution:
  Verify the repository URL is correct and the repository still exists. It may have been deleted, made private, or renamed.

================================================================================

Error #4
--------------------------------------------------------------------------------
Timestamp: 2025-12-16T08:13:18.202916
Repository: http://github.com/#{github_username}/#{project_name}
Ecosystems: Ruby
Error Type: NOT_FOUND
Error Message: Repository not found: #{github_username}/

Possible Reason:
  Verify the repository URL is correct and the repository still exists. It may have been deleted, made private, or renamed.

Suggested Solution:
  Verify the repository URL is correct and the repository still exists. It may have been deleted, made private, or renamed.

================================================================================

Error #5
--------------------------------------------------------------------------------
Timestamp: 2025-12-16T08:13:19.620217
Repository: https://github.com/iqlusioninc/aes-sid
Ecosystems: NPM
Error Type: NOT_FOUND
Error Message: Repository not found: iqlusioninc/aes-sid

Possible Reason:
  Verify the repository URL is correct and the repository still exists. It may have been deleted, made private, or renamed.

Suggested Solution:
  Verify the repository URL is correct and the repository still exists. It may have been deleted, made private, or renamed.

================================================================================

Error #6
--------------------------------------------------------------------------------
Timestamp: 2025-12-16T08:13:19.891469
Repository: https://github.com/iqlusioninc/aes-sid/blob/develop/README.md
Ecosystems: PyPI, Ruby
Error Type: NOT_FOUND
Error Message: Repository not found: iqlusioninc/aes-sid

Possible Reason:
  Verify the repository URL is correct and the repository still exists. It may have been deleted, made private, or renamed.

Suggested Solution:
  Verify the repository URL is correct and the repository still exists. It may have been deleted, made private, or renamed.

================================================================================

Error #7
--------------------------------------------------------------------------------
Timestamp: 2025-12-16T08:13:21.795613
Repository: https://github.com/example/example
Ecosystems: NPM, Ruby
Error Type: NOT_FOUND
Error Message: Repository not found: example/example

Possible Reason:
  Verify the repository URL is correct and the repository still exists. It may have been deleted, made private, or renamed.

Suggested Solution:
  Verify the repository URL is correct and the repository still exists. It may have been deleted, made private, or renamed.

================================================================================

Error #8
--------------------------------------------------------------------------------
Timestamp: 2025-12-16T08:13:22.079365
Repository: http://github.com/example/example
Ecosystems: PyPI
Error Type: NOT_FOUND
Error Message: Repository not found: example/example

Possible Reason:
  Verify the repository URL is correct and the repository still exists. It may have been deleted, made private, or renamed.

Suggested Solution:
  Verify the repository URL is correct and the repository still exists. It may have been deleted, made private, or renamed.

================================================================================

Error #9
--------------------------------------------------------------------------------
Timestamp: 2025-12-16T08:13:28.246975
Repository: https://github.com/joshingmachine/kielbasa
Ecosystems: NPM, PyPI, Ruby
Error Type: NOT_FOUND
Error Message: Repository not found: joshingmachine/kielbasa

Possible Reason:
  Verify the repository URL is correct and the repository still exists. It may have been deleted, made private, or renamed.

Suggested Solution:
  Verify the repository URL is correct and the repository still exists. It may have been deleted, made private, or renamed.

================================================================================

