================================================================================
Error Log for PyPI_Ruby
================================================================================
Total Errors: 7
Generated: 2025-12-02 06:39:38
================================================================================

Error #1
--------------------------------------------------------------------------------
Timestamp: 2025-12-02T03:14:13.786811
Repository: http://github.com/echohead/cornfig
Ecosystems: PyPI
Error Type: NOT_FOUND
Error Message: Repository not found: echohead/cornfig

Possible Reason:
  Verify the repository URL is correct and the repository still exists. It may have been deleted, made private, or renamed.

Suggested Solution:
  Verify the repository URL is correct and the repository still exists. It may have been deleted, made private, or renamed.

================================================================================

Error #2
--------------------------------------------------------------------------------
Timestamp: 2025-12-02T03:14:14.066996
Repository: https://github.com/echohead/cornfig
Ecosystems: Ruby
Error Type: NOT_FOUND
Error Message: Repository not found: echohead/cornfig

Possible Reason:
  Verify the repository URL is correct and the repository still exists. It may have been deleted, made private, or renamed.

Suggested Solution:
  Verify the repository URL is correct and the repository still exists. It may have been deleted, made private, or renamed.

================================================================================

Error #3
--------------------------------------------------------------------------------
Timestamp: 2025-12-02T03:14:21.570998
Repository: https://github.com/orklann/gesture
Ecosystems: PyPI, Ruby
Error Type: NOT_FOUND
Error Message: Repository not found: orklann/gesture

Possible Reason:
  Verify the repository URL is correct and the repository still exists. It may have been deleted, made private, or renamed.

Suggested Solution:
  Verify the repository URL is correct and the repository still exists. It may have been deleted, made private, or renamed.

================================================================================

Error #4
--------------------------------------------------------------------------------
Timestamp: 2025-12-02T03:14:22.794072
Repository: https://github.com/stackmachine/greeter
Ecosystems: PyPI, Ruby
Error Type: NOT_FOUND
Error Message: Repository not found: stackmachine/greeter

Possible Reason:
  Verify the repository URL is correct and the repository still exists. It may have been deleted, made private, or renamed.

Suggested Solution:
  Verify the repository URL is correct and the repository still exists. It may have been deleted, made private, or renamed.

================================================================================

Error #5
--------------------------------------------------------------------------------
Timestamp: 2025-12-02T03:14:26.296545
Repository: https://github.com/soimort/hit
Ecosystems: PyPI, Ruby
Error Type: NOT_FOUND
Error Message: Repository not found: soimort/hit

Possible Reason:
  Verify the repository URL is correct and the repository still exists. It may have been deleted, made private, or renamed.

Suggested Solution:
  Verify the repository URL is correct and the repository still exists. It may have been deleted, made private, or renamed.

================================================================================

Error #6
--------------------------------------------------------------------------------
Timestamp: 2025-12-02T03:14:39.403880
Repository: https://github.com/tesote/nats-work
Ecosystems: PyPI, Ruby
Error Type: NOT_FOUND
Error Message: Repository not found: tesote/nats-work

Possible Reason:
  Verify the repository URL is correct and the repository still exists. It may have been deleted, made private, or renamed.

Suggested Solution:
  Verify the repository URL is correct and the repository still exists. It may have been deleted, made private, or renamed.

================================================================================

Error #7
--------------------------------------------------------------------------------
Timestamp: 2025-12-02T03:15:14.994124
Repository: https://github.com/adamcaudill/yawast
Ecosystems: PyPI, Ruby
Error Type: NOT_FOUND
Error Message: Repository not found: adamcaudill/yawast

Possible Reason:
  Verify the repository URL is correct and the repository still exists. It may have been deleted, made private, or renamed.

Suggested Solution:
  Verify the repository URL is correct and the repository still exists. It may have been deleted, made private, or renamed.

================================================================================

